app/build/outputs/logs/manifest-merger-debug-report.txt
-- Merging decision tree log ---
manifest
ADDED from src/main/AndroidManifest.xml:2:1-96:12
	package
		ADDED from src/main/AndroidManifest.xml:3:5-35
		INJECTED from src/main/AndroidManifest.xml
		INJECTED from src/main/AndroidManifest.xml
	android:versionName
		INJECTED from src/main/AndroidManifest.xml
		INJECTED from src/main/AndroidManifest.xml
	xmlns:android
		ADDED from src/main/AndroidManifest.xml:2:11-69
	android:versionCode
		INJECTED from src/main/AndroidManifest.xml
		INJECTED from src/main/AndroidManifest.xml
uses-permission#android.permission.GET_ACCOUNTS
ADDED from src/main/AndroidManifest.xml:5:5-71
	android:name
		ADDED from src/main/AndroidManifest.xml:5:22-68
uses-permission#android.permission.INTERNET
ADDED from src/main/AndroidManifest.xml:6:5-67
	android:name
		ADDED from src/main/AndroidManifest.xml:6:22-64
uses-permission#android.permission.WRITE_EXTERNAL_STORAGE
ADDED from src/main/AndroidManifest.xml:7:5-81
	android:name
		ADDED from src/main/AndroidManifest.xml:7:22-78
uses-permission#android.permission.RECEIVE_BOOT_COMPLETED
ADDED from src/main/AndroidManifest.xml:8:5-80
	android:name
		ADDED from src/main/AndroidManifest.xml:8:22-78
application
ADDED from src/main/AndroidManifest.xml:10:5-94:19
MERGED from [com.android.support:cardview-v7:25.3.1] AndroidManifest.xml:26:5-20
MERGED from [com.android.support:design:25.3.1] AndroidManifest.xml:29:5-20
MERGED from [com.android.support:appcompat-v7:25.3.1] AndroidManifest.xml:29:5-20
MERGED from [com.android.support:animated-vector-drawable:25.3.1] AndroidManifest.xml:26:5-20
MERGED from [com.android.support:support-vector-drawable:25.3.1] AndroidManifest.xml:26:5-20
MERGED from [com.android.support:transition:25.3.1] AndroidManifest.xml:26:5-20
MERGED from [com.android.support:percent:25.3.1] AndroidManifest.xml:26:5-20
MERGED from [com.android.support:support-v4:25.3.1] AndroidManifest.xml:29:5-20
MERGED from [com.android.support:support-fragment:25.3.1] AndroidManifest.xml:29:5-20
MERGED from [com.android.support:support-media-compat:25.3.1] AndroidManifest.xml:29:5-20
MERGED from [com.android.support:support-core-utils:25.3.1] AndroidManifest.xml:29:5-20
MERGED from [com.android.support:support-core-ui:25.3.1] AndroidManifest.xml:29:5-20
MERGED from [com.android.support:support-compat:25.3.1] AndroidManifest.xml:29:5-20
MERGED from [com.android.support.constraint:constraint-layout:1.0.2] AndroidManifest.xml:9:5-20
	android:label
		ADDED from src/main/AndroidManifest.xml:14:9-41
	android:supportsRtl
		ADDED from src/main/AndroidManifest.xml:15:9-35
	android:allowBackup
		ADDED from src/main/AndroidManifest.xml:12:9-35
	android:icon
		ADDED from src/main/AndroidManifest.xml:13:9-43
	android:theme
		ADDED from src/main/AndroidManifest.xml:16:9-40
	android:name
		ADDED from src/main/AndroidManifest.xml:11:9-34
activity#com.polunom.hfmobile.SplashActivity
ADDED from src/main/AndroidManifest.xml:17:9-25:20
	android:theme
		ADDED from src/main/AndroidManifest.xml:19:13-47
	android:name
		ADDED from src/main/AndroidManifest.xml:18:13-43
intent-filter#android.intent.action.MAIN+android.intent.category.LAUNCHER
ADDED from src/main/AndroidManifest.xml:20:13-24:29
action#android.intent.action.MAIN
ADDED from src/main/AndroidManifest.xml:21:17-69
	android:name
		ADDED from src/main/AndroidManifest.xml:21:25-66
category#android.intent.category.LAUNCHER
ADDED from src/main/AndroidManifest.xml:23:17-77
	android:name
		ADDED from src/main/AndroidManifest.xml:23:27-74
activity#com.polunom.hfmobile.LoginActivity
ADDED from src/main/AndroidManifest.xml:26:9-33:20
	android:label
		ADDED from src/main/AndroidManifest.xml:28:13-45
	android:theme
		ADDED from src/main/AndroidManifest.xml:29:13-56
	android:name
		ADDED from src/main/AndroidManifest.xml:27:13-42
activity#com.polunom.hfmobile.MainActivity
ADDED from src/main/AndroidManifest.xml:34:9-38:59
	android:label
		ADDED from src/main/AndroidManifest.xml:37:13-56
	android:configChanges
		ADDED from src/main/AndroidManifest.xml:36:13-59
	android:theme
		ADDED from src/main/AndroidManifest.xml:38:13-56
	android:name
		ADDED from src/main/AndroidManifest.xml:35:13-41
activity#com.polunom.hfmobile.ForumDisplayActivity
ADDED from src/main/AndroidManifest.xml:39:9-44:59
	android:label
		ADDED from src/main/AndroidManifest.xml:42:13-65
	android:parentActivityName
		ADDED from src/main/AndroidManifest.xml:43:13-55
	android:configChanges
		ADDED from src/main/AndroidManifest.xml:41:13-59
	android:theme
		ADDED from src/main/AndroidManifest.xml:44:13-56
	android:name
		ADDED from src/main/AndroidManifest.xml:40:13-49
activity#com.polunom.hfmobile.ThreadDisplayActivity
ADDED from src/main/AndroidManifest.xml:45:9-49:59
	android:label
		ADDED from src/main/AndroidManifest.xml:48:13-66
	android:configChanges
		ADDED from src/main/AndroidManifest.xml:47:13-59
	android:theme
		ADDED from src/main/AndroidManifest.xml:49:13-56
	android:name
		ADDED from src/main/AndroidManifest.xml:46:13-50
activity#com.polunom.hfmobile.EditorActivity
ADDED from src/main/AndroidManifest.xml:50:9-54:59
	android:label
		ADDED from src/main/AndroidManifest.xml:53:13-58
	android:configChanges
		ADDED from src/main/AndroidManifest.xml:52:13-59
	android:theme
		ADDED from src/main/AndroidManifest.xml:54:13-56
	android:name
		ADDED from src/main/AndroidManifest.xml:51:13-43
activity#com.polunom.hfmobile.ProfileActivity
ADDED from src/main/AndroidManifest.xml:55:9-59:59
	android:label
		ADDED from src/main/AndroidManifest.xml:58:13-59
	android:configChanges
		ADDED from src/main/AndroidManifest.xml:57:13-59
	android:theme
		ADDED from src/main/AndroidManifest.xml:59:13-56
	android:name
		ADDED from src/main/AndroidManifest.xml:56:13-44
activity#com.polunom.hfmobile.ReputationActivity
ADDED from src/main/AndroidManifest.xml:60:9-64:59
	android:label
		ADDED from src/main/AndroidManifest.xml:63:13-62
	android:configChanges
		ADDED from src/main/AndroidManifest.xml:62:13-59
	android:theme
		ADDED from src/main/AndroidManifest.xml:64:13-56
	android:name
		ADDED from src/main/AndroidManifest.xml:61:13-47
activity#com.polunom.hfmobile.BrowserActivity
ADDED from src/main/AndroidManifest.xml:65:9-69:59
	android:label
		ADDED from src/main/AndroidManifest.xml:68:13-59
	android:configChanges
		ADDED from src/main/AndroidManifest.xml:67:13-59
	android:theme
		ADDED from src/main/AndroidManifest.xml:69:13-56
	android:name
		ADDED from src/main/AndroidManifest.xml:66:13-44
activity#com.polunom.hfmobile.LightboxActivity
ADDED from src/main/AndroidManifest.xml:70:9-74:53
	android:label
		ADDED from src/main/AndroidManifest.xml:73:13-60
	android:configChanges
		ADDED from src/main/AndroidManifest.xml:72:13-59
	android:theme
		ADDED from src/main/AndroidManifest.xml:74:13-50
	android:name
		ADDED from src/main/AndroidManifest.xml:71:13-45
activity#com.polunom.hfmobile.InboxDisplayActivity
ADDED from src/main/AndroidManifest.xml:75:9-79:59
	android:label
		ADDED from src/main/AndroidManifest.xml:78:13-65
	android:configChanges
		ADDED from src/main/AndroidManifest.xml:77:13-59
	android:theme
		ADDED from src/main/AndroidManifest.xml:79:13-56
	android:name
		ADDED from src/main/AndroidManifest.xml:76:13-49
activity#com.polunom.hfmobile.PMDisplayActivity
ADDED from src/main/AndroidManifest.xml:80:9-84:59
	android:label
		ADDED from src/main/AndroidManifest.xml:83:13-62
	android:configChanges
		ADDED from src/main/AndroidManifest.xml:82:13-59
	android:theme
		ADDED from src/main/AndroidManifest.xml:84:13-56
	android:name
		ADDED from src/main/AndroidManifest.xml:81:13-46
receiver#com.polunom.hfmobile.notifications.StartOnBoot
ADDED from src/main/AndroidManifest.xml:86:9-90:20
	android:name
		ADDED from src/main/AndroidManifest.xml:86:19-60
intent-filter#android.intent.action.BOOT_COMPLETED
ADDED from src/main/AndroidManifest.xml:87:13-89:29
action#android.intent.action.BOOT_COMPLETED
ADDED from src/main/AndroidManifest.xml:88:17-78
	android:name
		ADDED from src/main/AndroidManifest.xml:88:25-76
receiver#com.polunom.hfmobile.notifications.CheckForPMs
ADDED from src/main/AndroidManifest.xml:92:9-63
	android:name
		ADDED from src/main/AndroidManifest.xml:92:19-60
uses-sdk
INJECTED from src/main/AndroidManifest.xml reason: use-sdk injection requested
MERGED from [com.bignerdranch.android:expandablerecyclerview:3.0.0-RC1] AndroidManifest.xml:7:5-9:41
MERGED from [com.github.chrisbanes:PhotoView:2.1.2] AndroidManifest.xml:8:5-10:41
MERGED from [com.android.support:cardview-v7:25.3.1] AndroidManifest.xml:20:5-43
MERGED from [com.android.support:design:25.3.1] AndroidManifest.xml:21:5-23:62
MERGED from [com.android.support:appcompat-v7:25.3.1] AndroidManifest.xml:21:5-23:78
MERGED from [com.android.support:animated-vector-drawable:25.3.1] AndroidManifest.xml:20:5-44
MERGED from [com.android.support:support-vector-drawable:25.3.1] AndroidManifest.xml:20:5-43
MERGED from [com.android.support:transition:25.3.1] AndroidManifest.xml:20:5-44
MERGED from [com.android.support:percent:25.3.1] AndroidManifest.xml:20:5-43
MERGED from [com.android.support:support-v4:25.3.1] AndroidManifest.xml:21:5-23:54
MERGED from [com.android.support:support-fragment:25.3.1] AndroidManifest.xml:21:5-23:60
MERGED from [com.android.support:support-media-compat:25.3.1] AndroidManifest.xml:21:5-23:63
MERGED from [com.android.support:support-core-utils:25.3.1] AndroidManifest.xml:21:5-23:61
MERGED from [com.android.support:recyclerview-v7:25.3.1] AndroidManifest.xml:20:5-43
MERGED from [com.android.support:support-core-ui:25.3.1] AndroidManifest.xml:21:5-23:58
MERGED from [com.android.support:support-compat:25.3.1] AndroidManifest.xml:21:5-23:58
MERGED from [com.android.support.constraint:constraint-layout:1.0.2] AndroidManifest.xml:5:5-7:41
	tools:overrideLibrary
		ADDED from [com.android.support:design:25.3.1] AndroidManifest.xml:23:9-59
	android:targetSdkVersion
		INJECTED from src/main/AndroidManifest.xml
		INJECTED from src/main/AndroidManifest.xml
	android:minSdkVersion
		INJECTED from src/main/AndroidManifest.xml
		INJECTED from src/main/AndroidManifest.xml
meta-data#android.support.VERSION
ADDED from [com.android.support:cardview-v7:25.3.1] AndroidManifest.xml:22:5-24:34
MERGED from [com.android.support:design:25.3.1] AndroidManifest.xml:25:5-27:34
MERGED from [com.android.support:appcompat-v7:25.3.1] AndroidManifest.xml:25:5-27:34
MERGED from [com.android.support:animated-vector-drawable:25.3.1] AndroidManifest.xml:22:5-24:34
MERGED from [com.android.support:support-vector-drawable:25.3.1] AndroidManifest.xml:22:5-24:34
MERGED from [com.android.support:transition:25.3.1] AndroidManifest.xml:22:5-24:34
MERGED from [com.android.support:percent:25.3.1] AndroidManifest.xml:22:5-24:34
MERGED from [com.android.support:support-v4:25.3.1] AndroidManifest.xml:25:5-27:34
MERGED from [com.android.support:support-fragment:25.3.1] AndroidManifest.xml:25:5-27:34
MERGED from [com.android.support:support-media-compat:25.3.1] AndroidManifest.xml:25:5-27:34
MERGED from [com.android.support:support-core-utils:25.3.1] AndroidManifest.xml:25:5-27:34
MERGED from [com.android.support:recyclerview-v7:25.3.1] AndroidManifest.xml:22:5-24:34
MERGED from [com.android.support:support-core-ui:25.3.1] AndroidManifest.xml:25:5-27:34
MERGED from [com.android.support:support-compat:25.3.1] AndroidManifest.xml:25:5-27:34
	android:value
		ADDED from [com.android.support:cardview-v7:25.3.1] AndroidManifest.xml:24:9-31
	android:name
		ADDED from [com.android.support:cardview-v7:25.3.1] AndroidManifest.xml:23:9-47